生成启动时间为 2023/1/9 23:39:05。
     1>项目“D:\BASIC\Desktop\winSocketccf\mfcSocketHW\112000840吴炜达(网络编程期末作品)\源代码\五子棋（新增倒计时）\网络对战版本\Five\Five\Five.vcxproj”在节点 2 上(Build 个目标)。
     1>ClCompile:
         C:\Program Files (x86)\Microsoft Visual Studio 12.0\VC\bin\CL.exe /c /ZI /nologo /W3 /WX- /Od /Oy- /D WIN32 /D _WINDOWS /D _DEBUG /D _MBCS /D _AFXDLL /Gm /EHsc /RTC1 /MDd /GS /fp:precise /Zc:wchar_t /Zc:forScope /Yc"stdafx.h" /Fp"Debug\Five.pch" /Fo"Debug\\" /Fd"Debug\vc120.pdb" /Gd /TP /analyze- /errorReport:prompt stdafx.cpp
         stdafx.cpp
     1>c:\program files (x86)\microsoft visual studio 12.0\vc\atlmfc\include\afx.h(38): warning C4996: 'MBCS_Support_Deprecated_In_MFC': MBCS support in MFC is deprecated and may be removed in a future version of MFC.
                 c:\program files (x86)\microsoft visual studio 12.0\vc\atlmfc\include\afx.h(33) : 参见“MBCS_Support_Deprecated_In_MFC”的声明
     1>d:\basic\desktop\winsocketccf\mfcsockethw\112000840吴炜达(网络编程期末作品)\源代码\五子棋（新增倒计时）\网络对战版本\five\five\stdafx.h(41): warning C4067: 预处理器指令后有意外标记 - 应输入换行符
         C:\Program Files (x86)\Microsoft Visual Studio 12.0\VC\bin\CL.exe /c /ZI /nologo /W3 /WX- /Od /Oy- /D WIN32 /D _WINDOWS /D _DEBUG /D _MBCS /D _AFXDLL /Gm /EHsc /RTC1 /MDd /GS /fp:precise /Zc:wchar_t /Zc:forScope /Yu"stdafx.h" /Fp"Debug\Five.pch" /Fo"Debug\\" /Fd"Debug\vc120.pdb" /Gd /TP /analyze- /errorReport:prompt ClientDlg.cpp Five.cpp FiveDlg.cpp FiveSocket.cpp Game.cpp NameDlg.cpp ServerDlg.cpp StatDlg.cpp Table.cpp
         Table.cpp
         StatDlg.cpp
         ServerDlg.cpp
         NameDlg.cpp
         Game.cpp
         FiveSocket.cpp
         FiveDlg.cpp
         Five.cpp
         ClientDlg.cpp
         正在生成代码...
       ResourceCompile:
         C:\Program Files (x86)\Windows Kits\8.1\bin\x86\rc.exe /D _DEBUG /D _AFXDLL /l"0x0804" /IDebug\ /nologo /fo"Debug\Five.res" Five.rc 
       Link:
         C:\Program Files (x86)\Microsoft Visual Studio 12.0\VC\bin\link.exe /ERRORREPORT:PROMPT /OUT:"D:\BASIC\Desktop\winSocketccf\mfcSocketHW\112000840吴炜达(网络编程期末作品)\源代码\五子棋（新增倒计时）\网络对战版本\Five\Debug\Five.exe" /INCREMENTAL /NOLOGO /MANIFEST /MANIFESTUAC:"level='asInvoker' uiAccess='false'" /manifest:embed /manifestinput:"C:\Program Files (x86)\Microsoft Visual Studio 12.0\VC\Include\Manifest\dpiaware.manifest" /DEBUG /PDB:"D:\BASIC\Desktop\winSocketccf\mfcSocketHW\112000840吴炜达(网络编程期末作品)\源代码\五子棋（新增倒计时）\网络对战版本\Five\Debug\Five.pdb" /SUBSYSTEM:WINDOWS /TLBID:1 /DYNAMICBASE /NXCOMPAT /IMPLIB:"D:\BASIC\Desktop\winSocketccf\mfcSocketHW\112000840吴炜达(网络编程期末作品)\源代码\五子棋（新增倒计时）\网络对战版本\Five\Debug\Five.lib" /MACHINE:X86 Debug\Five.res
         Debug\ClientDlg.obj
         Debug\Five.obj
         Debug\FiveDlg.obj
         Debug\FiveSocket.obj
         Debug\Game.obj
         Debug\NameDlg.obj
         Debug\ServerDlg.obj
         Debug\StatDlg.obj
         Debug\stdafx.obj
         Debug\Table.obj
         Five.vcxproj -> D:\BASIC\Desktop\winSocketccf\mfcSocketHW\112000840吴炜达(网络编程期末作品)\源代码\五子棋（新增倒计时）\网络对战版本\Five\Debug\Five.exe
     1>已完成生成项目“D:\BASIC\Desktop\winSocketccf\mfcSocketHW\112000840吴炜达(网络编程期末作品)\源代码\五子棋（新增倒计时）\网络对战版本\Five\Five\Five.vcxproj”(Build 个目标)的操作。

生成成功。

已用时间 00:00:04.53
