d:\basic\desktop\winsocketccf\案例程序\第9章案例-五子棋\网络对战版本\five\five\debug\five.pch
d:\basic\desktop\winsocketccf\案例程序\第9章案例-五子棋\网络对战版本\five\five\debug\vc120.pdb
d:\basic\desktop\winsocketccf\案例程序\第9章案例-五子棋\网络对战版本\five\five\debug\vc120.idb
d:\basic\desktop\winsocketccf\案例程序\第9章案例-五子棋\网络对战版本\five\five\debug\stdafx.obj
d:\basic\desktop\winsocketccf\案例程序\第9章案例-五子棋\网络对战版本\five\five\debug\clientdlg.obj
d:\basic\desktop\winsocketccf\案例程序\第9章案例-五子棋\网络对战版本\five\five\debug\five.obj
d:\basic\desktop\winsocketccf\案例程序\第9章案例-五子棋\网络对战版本\five\five\debug\fivedlg.obj
d:\basic\desktop\winsocketccf\案例程序\第9章案例-五子棋\网络对战版本\five\five\debug\fivesocket.obj
d:\basic\desktop\winsocketccf\案例程序\第9章案例-五子棋\网络对战版本\five\five\debug\game.obj
d:\basic\desktop\winsocketccf\案例程序\第9章案例-五子棋\网络对战版本\five\five\debug\namedlg.obj
d:\basic\desktop\winsocketccf\案例程序\第9章案例-五子棋\网络对战版本\five\five\debug\serverdlg.obj
d:\basic\desktop\winsocketccf\案例程序\第9章案例-五子棋\网络对战版本\five\five\debug\statdlg.obj
d:\basic\desktop\winsocketccf\案例程序\第9章案例-五子棋\网络对战版本\five\five\debug\table.obj
d:\basic\desktop\winsocketccf\作品\第9章案例-五子棋\网络对战版本\five\five\debug\five.pch
d:\basic\desktop\winsocketccf\作品\第9章案例-五子棋\网络对战版本\five\five\debug\vc120.pdb
d:\basic\desktop\winsocketccf\作品\第9章案例-五子棋\网络对战版本\five\five\debug\vc120.idb
d:\basic\desktop\winsocketccf\作品\第9章案例-五子棋\网络对战版本\five\five\debug\stdafx.obj
d:\basic\desktop\winsocketccf\作品\第9章案例-五子棋\网络对战版本\five\five\debug\clientdlg.obj
d:\basic\desktop\winsocketccf\作品\第9章案例-五子棋\网络对战版本\five\five\debug\five.obj
d:\basic\desktop\winsocketccf\作品\第9章案例-五子棋\网络对战版本\five\five\debug\fivedlg.obj
d:\basic\desktop\winsocketccf\作品\第9章案例-五子棋\网络对战版本\five\five\debug\fivesocket.obj
d:\basic\desktop\winsocketccf\作品\第9章案例-五子棋\网络对战版本\five\five\debug\game.obj
d:\basic\desktop\winsocketccf\作品\第9章案例-五子棋\网络对战版本\five\five\debug\namedlg.obj
d:\basic\desktop\winsocketccf\作品\第9章案例-五子棋\网络对战版本\five\five\debug\serverdlg.obj
d:\basic\desktop\winsocketccf\作品\第9章案例-五子棋\网络对战版本\five\five\debug\statdlg.obj
d:\basic\desktop\winsocketccf\作品\第9章案例-五子棋\网络对战版本\five\five\debug\table.obj
d:\basic\desktop\winsocketccf\案例程序\第9章案例-五子棋\网络对战版本\five\debug\five.ilk
d:\basic\desktop\winsocketccf\案例程序\第9章案例-五子棋\网络对战版本\five\debug\five.exe
d:\basic\desktop\winsocketccf\案例程序\第9章案例-五子棋\网络对战版本\five\debug\five.pdb
d:\basic\desktop\winsocketccf\案例程序\第9章案例-五子棋\网络对战版本\five\five\debug\five.res
d:\basic\desktop\winsocketccf\作品\第9章案例-五子棋\网络对战版本\five\five\debug\five.res
d:\basic\desktop\winsocketccf\作品\第9章案例-五子棋\网络对战版本\five\debug\five.pdb
d:\basic\desktop\winsocketccf\作品\第9章案例-五子棋\网络对战版本\five\five\debug\five.tlog\cl.command.1.tlog
d:\basic\desktop\winsocketccf\作品\第9章案例-五子棋\网络对战版本\five\five\debug\five.tlog\cl.read.1.tlog
d:\basic\desktop\winsocketccf\作品\第9章案例-五子棋\网络对战版本\five\five\debug\five.tlog\cl.write.1.tlog
d:\basic\desktop\winsocketccf\作品\第9章案例-五子棋\网络对战版本\five\five\debug\five.tlog\link-cvtres.read.1.tlog
d:\basic\desktop\winsocketccf\作品\第9章案例-五子棋\网络对战版本\five\five\debug\five.tlog\link-cvtres.write.1.tlog
d:\basic\desktop\winsocketccf\作品\第9章案例-五子棋\网络对战版本\five\five\debug\five.tlog\link-mt.read.1.tlog
d:\basic\desktop\winsocketccf\作品\第9章案例-五子棋\网络对战版本\five\five\debug\five.tlog\link-mt.write.1.tlog
d:\basic\desktop\winsocketccf\作品\第9章案例-五子棋\网络对战版本\five\five\debug\five.tlog\link-rc.read.1.tlog
d:\basic\desktop\winsocketccf\作品\第9章案例-五子棋\网络对战版本\five\five\debug\five.tlog\link-rc.write.1.tlog
d:\basic\desktop\winsocketccf\作品\第9章案例-五子棋\网络对战版本\five\five\debug\five.tlog\link.19352-cvtres.read.1.tlog
d:\basic\desktop\winsocketccf\作品\第9章案例-五子棋\网络对战版本\five\five\debug\five.tlog\link.19352-cvtres.write.1.tlog
d:\basic\desktop\winsocketccf\作品\第9章案例-五子棋\网络对战版本\five\five\debug\five.tlog\link.19352-mt.read.1.tlog
d:\basic\desktop\winsocketccf\作品\第9章案例-五子棋\网络对战版本\five\five\debug\five.tlog\link.19352-mt.write.1.tlog
d:\basic\desktop\winsocketccf\作品\第9章案例-五子棋\网络对战版本\five\five\debug\five.tlog\link.19352-rc.read.1.tlog
d:\basic\desktop\winsocketccf\作品\第9章案例-五子棋\网络对战版本\five\five\debug\five.tlog\link.19352-rc.write.1.tlog
d:\basic\desktop\winsocketccf\作品\第9章案例-五子棋\网络对战版本\five\five\debug\five.tlog\link.19352.read.1.tlog
d:\basic\desktop\winsocketccf\作品\第9章案例-五子棋\网络对战版本\five\five\debug\five.tlog\link.19352.write.1.tlog
d:\basic\desktop\winsocketccf\作品\第9章案例-五子棋\网络对战版本\five\five\debug\five.tlog\link.command.1.tlog
d:\basic\desktop\winsocketccf\作品\第9章案例-五子棋\网络对战版本\five\five\debug\five.tlog\link.read.1.tlog
d:\basic\desktop\winsocketccf\作品\第9章案例-五子棋\网络对战版本\five\five\debug\five.tlog\link.write.1.tlog
d:\basic\desktop\winsocketccf\作品\第9章案例-五子棋\网络对战版本\five\five\debug\five.tlog\rc.command.1.tlog
d:\basic\desktop\winsocketccf\作品\第9章案例-五子棋\网络对战版本\five\five\debug\five.tlog\rc.read.1.tlog
d:\basic\desktop\winsocketccf\作品\第9章案例-五子棋\网络对战版本\five\five\debug\five.tlog\rc.write.1.tlog
