d:\basic\desktop\winsocketccf\mfcsockethw\shuxueyouxi\client\debug\client.pch
d:\basic\desktop\winsocketccf\mfcsockethw\shuxueyouxi\client\debug\vc120.pdb
d:\basic\desktop\winsocketccf\mfcsockethw\shuxueyouxi\client\debug\vc120.idb
d:\basic\desktop\winsocketccf\mfcsockethw\shuxueyouxi\client\debug\stdafx.obj
d:\basic\desktop\winsocketccf\mfcsockethw\shuxueyouxi\client\debug\client.obj
d:\basic\desktop\winsocketccf\mfcsockethw\shuxueyouxi\client\debug\clientdlg.obj
d:\basic\desktop\winsocketccf\mfcsockethw\shuxueyouxi\client\debug\game.obj
d:\basic\desktop\winsocketccf\mfcsockethw\shuxueyouxi\debug\client.ilk
d:\basic\desktop\winsocketccf\mfcsockethw\shuxueyouxi\debug\client.exe
d:\basic\desktop\winsocketccf\mfcsockethw\shuxueyouxi\debug\client.pdb
d:\basic\desktop\winsocketccf\mfcsockethw\shuxueyouxi\client\debug\client.res
d:\basic\desktop\winsocketccf\mfcsockethw\shuxueyouxi\client\debug\client.tlog\cl.command.1.tlog
d:\basic\desktop\winsocketccf\mfcsockethw\shuxueyouxi\client\debug\client.tlog\cl.read.1.tlog
d:\basic\desktop\winsocketccf\mfcsockethw\shuxueyouxi\client\debug\client.tlog\cl.write.1.tlog
d:\basic\desktop\winsocketccf\mfcsockethw\shuxueyouxi\client\debug\client.tlog\link.command.1.tlog
d:\basic\desktop\winsocketccf\mfcsockethw\shuxueyouxi\client\debug\client.tlog\link.read.1.tlog
d:\basic\desktop\winsocketccf\mfcsockethw\shuxueyouxi\client\debug\client.tlog\link.write.1.tlog
d:\basic\desktop\winsocketccf\mfcsockethw\shuxueyouxi\client\debug\client.tlog\rc.command.1.tlog
d:\basic\desktop\winsocketccf\mfcsockethw\shuxueyouxi\client\debug\client.tlog\rc.read.1.tlog
d:\basic\desktop\winsocketccf\mfcsockethw\shuxueyouxi\client\debug\client.tlog\rc.write.1.tlog
