生成启动时间为 2023/1/9 21:10:32。
     1>项目“D:\BASIC\Desktop\winSocketccf\mfcSocketHW\112000840吴炜达(网络编程实践作品)\源代码\shuxueyouxi\Client\Client.vcxproj”在节点 2 上(Build 个目标)。
     1>ClCompile:
         C:\Program Files (x86)\Microsoft Visual Studio 12.0\VC\bin\CL.exe /c /ZI /nologo /W3 /WX- /sdl /Od /Oy- /D WIN32 /D _WINDOWS /D _DEBUG /D _MBCS /D _AFXDLL /Gm /EHsc /RTC1 /MDd /GS /fp:precise /Zc:wchar_t /Zc:forScope /Yc"stdafx.h" /Fp"Debug\Client.pch" /Fo"Debug\\" /Fd"Debug\vc120.pdb" /Gd /TP /analyze- /errorReport:prompt stdafx.cpp
         stdafx.cpp
     1>c:\program files (x86)\microsoft visual studio 12.0\vc\atlmfc\include\afx.h(38): warning C4996: 'MBCS_Support_Deprecated_In_MFC': MBCS support in MFC is deprecated and may be removed in a future version of MFC.
                 c:\program files (x86)\microsoft visual studio 12.0\vc\atlmfc\include\afx.h(33) : 参见“MBCS_Support_Deprecated_In_MFC”的声明
         C:\Program Files (x86)\Microsoft Visual Studio 12.0\VC\bin\CL.exe /c /ZI /nologo /W3 /WX- /sdl /Od /Oy- /D WIN32 /D _WINDOWS /D _DEBUG /D _MBCS /D _AFXDLL /Gm /EHsc /RTC1 /MDd /GS /fp:precise /Zc:wchar_t /Zc:forScope /Yu"stdafx.h" /Fp"Debug\Client.pch" /Fo"Debug\\" /Fd"Debug\vc120.pdb" /Gd /TP /analyze- /errorReport:prompt Client.cpp ClientDlg.cpp Game.cpp
         Game.cpp
     1>d:\basic\desktop\winsocketccf\mfcsockethw\112000840吴炜达(网络编程实践作品)\源代码\shuxueyouxi\client\game.cpp(14): warning C4244: “参数”: 从“time_t”转换到“unsigned int”，可能丢失数据
         ClientDlg.cpp
         Client.cpp
         正在生成代码...
       ResourceCompile:
         C:\Program Files (x86)\Windows Kits\8.1\bin\x86\rc.exe /D _DEBUG /D _AFXDLL /l"0x0419" /IDebug\ /nologo /fo"Debug\Client.res" Client.rc 
     1>Client.rc(60): warning RC4093: unescaped newline in character constant in inactive code
         
       Link:
         C:\Program Files (x86)\Microsoft Visual Studio 12.0\VC\bin\link.exe /ERRORREPORT:PROMPT /OUT:"D:\BASIC\Desktop\winSocketccf\mfcSocketHW\112000840吴炜达(网络编程实践作品)\源代码\shuxueyouxi\Debug\Client.exe" /INCREMENTAL /NOLOGO /MANIFEST /MANIFESTUAC:"level='asInvoker' uiAccess='false'" /manifest:embed /manifestinput:"C:\Program Files (x86)\Microsoft Visual Studio 12.0\VC\Include\Manifest\dpiaware.manifest" /DEBUG /PDB:"D:\BASIC\Desktop\winSocketccf\mfcSocketHW\112000840吴炜达(网络编程实践作品)\源代码\shuxueyouxi\Debug\Client.pdb" /SUBSYSTEM:WINDOWS /TLBID:1 /DYNAMICBASE /NXCOMPAT /IMPLIB:"D:\BASIC\Desktop\winSocketccf\mfcSocketHW\112000840吴炜达(网络编程实践作品)\源代码\shuxueyouxi\Debug\Client.lib" /MACHINE:X86 Debug\Client.res
         Debug\Client.obj
         Debug\ClientDlg.obj
         Debug\Game.obj
         Debug\stdafx.obj
         Client.vcxproj -> D:\BASIC\Desktop\winSocketccf\mfcSocketHW\112000840吴炜达(网络编程实践作品)\源代码\shuxueyouxi\Debug\Client.exe
     1>已完成生成项目“D:\BASIC\Desktop\winSocketccf\mfcSocketHW\112000840吴炜达(网络编程实践作品)\源代码\shuxueyouxi\Client\Client.vcxproj”(Build 个目标)的操作。

生成成功。

已用时间 00:00:03.36
